Сборка начата 25.09.2024 22:42:26.
Уровень детализации журнала: Normal.     1>Проект "G:\vs_projects\deminer\deminer\deminer.vcxproj" в узле 2 (целевые объекты Build).
     1>PrepareForBuild:
         Структурированный вывод включен. Форматирование диагностики компилятора будет отражать иерархию ошибок. Подробнее см. https://aka.ms/cpp/structured-output.
       InitializeBuildStatus:
         Создание "x64\Debug\deminer.tlog\unsuccessfulbuild", так как было задано "AlwaysCreate".
         Обращение к "x64\Debug\deminer.tlog\unsuccessfulbuild".
       VcpkgTripletSelection:
         Using triplet "x64-windows" from "G:\vcpkg-master\installed\x64-windows\"
         Using normalized configuration "Debug"
       ClCompile:
         G:\Program Files\Microsoft Visual Studio\2022\Community\VC\Tools\MSVC\14.40.33807\bin\HostX64\x64\CL.exe /c /I"G:\vcpkg-master\installed\x64-windows\include" /ZI /JMC /nologo /W3 /WX- /diagnostics:column /sdl /Od /D _DEBUG /D _CONSOLE /D _UNICODE /D UNICODE /Gm- /EHsc /RTC1 /MDd /GS /fp:precise /Zc:wchar_t /Zc:forScope /Zc:inline /permissive- /Fo"x64\Debug\\" /Fd"x64\Debug\vc143.pdb" /external:W3 /Gd /TP /FC /errorReport:prompt deminer.cpp
         deminer.cpp
     1>G:\vs_projects\deminer\deminer\deminer.cpp(497,15): warning C4244: аргумент: преобразование "time_t" в "unsigned int", возможна потеря данных
       Link:
         G:\Program Files\Microsoft Visual Studio\2022\Community\VC\Tools\MSVC\14.40.33807\bin\HostX64\x64\link.exe /ERRORREPORT:PROMPT /OUT:"G:\vs_projects\deminer\x64\Debug\deminer.exe" /INCREMENTAL /ILK:"x64\Debug\deminer.ilk" /NOLOGO /LIBPATH:"G:\vcpkg-master\installed\x64-windows\debug\lib" /LIBPATH:"G:\vcpkg-master\installed\x64-windows\debug\lib\manual-link" kernel32.lib user32.lib gdi32.lib winspool.lib comdlg32.lib advapi32.lib shell32.lib ole32.lib oleaut32.lib uuid.lib odbc32.lib odbccp32.lib "G:\vcpkg-master\installed\x64-windows\debug\lib\*.lib" /MANIFEST /MANIFESTUAC:"level='asInvoker' uiAccess='false'" /manifest:embed /DEBUG /PDB:"G:\vs_projects\deminer\x64\Debug\deminer.pdb" /SUBSYSTEM:CONSOLE /TLBID:1 /DYNAMICBASE /NXCOMPAT /IMPLIB:"G:\vs_projects\deminer\x64\Debug\deminer.lib" /MACHINE:X64 x64\Debug\deminer.obj
         deminer.vcxproj -> G:\vs_projects\deminer\x64\Debug\deminer.exe
       AppLocalFromInstalled:
         pwsh.exe -ExecutionPolicy Bypass -noprofile -File "G:\vcpkg-master\scripts\buildsystems\msbuild\applocal.ps1" "G:\vs_projects\deminer\x64\Debug\deminer.exe" "G:\vcpkg-master\installed\x64-windows\debug\bin" "x64\Debug\deminer.tlog\deminer.write.1u.tlog" "x64\Debug\vcpkg.applocal.log"
         "pwsh.exe" не является внутренней или внешней
         командой, исполняемой программой или пакетным файлом.
         Выход из команды "pwsh.exe -ExecutionPolicy Bypass -noprofile -File "G:\vcpkg-master\scripts\buildsystems\msbuild\applocal.ps1" "G:\vs_projects\deminer\x64\Debug\deminer.exe" "G:\vcpkg-master\installed\x64-windows\debug\bin" "x64\Debug\deminer.tlog\deminer.write.1u.tlog" "x64\Debug\vcpkg.applocal.log"" с кодом 9009.
         "C:\WINDOWS\System32\WindowsPowerShell\v1.0\powershell.exe" -ExecutionPolicy Bypass -noprofile -File "G:\vcpkg-master\scripts\buildsystems\msbuild\applocal.ps1" "G:\vs_projects\deminer\x64\Debug\deminer.exe" "G:\vcpkg-master\installed\x64-windows\debug\bin" "x64\Debug\deminer.tlog\deminer.write.1u.tlog" "x64\Debug\vcpkg.applocal.log"
       TlogCleanup:
         Следующие элементы будут удалены из tlogs, так как они были удалены из проекта или сборки: G:\vs projects\deminer\deminer\deminer.cpp.
       FinalizeBuildStatus:
         Файл "x64\Debug\deminer.tlog\unsuccessfulbuild" удаляется.
         Обращение к "x64\Debug\deminer.tlog\deminer.lastbuildstate".
     1>Сборка проекта "G:\vs_projects\deminer\deminer\deminer.vcxproj" завершена (целевые объекты Build).

Сборка успешно завершена.

       "G:\vs_projects\deminer\deminer\deminer.vcxproj" (целевой объект Build ) (1) ->
       (Целевой объект ClCompile) -> 
         G:\vs_projects\deminer\deminer\deminer.cpp(497,15): warning C4244: аргумент: преобразование "time_t" в "unsigned int", возможна потеря данных

    Предупреждений: 1
    Ошибок: 0

Прошло времени 00:00:02.09
